This is pdfTeX, Version 3.14159265-2.6-1.40.19 (MiKTeX 2.9.6745 64-bit) (preloaded format=pdflatex 2018.8.9)  29 MAY 2019 09:52
entering extended mode
**./thesis_latex_template_minimal.tex
(thesis_latex_template_minimal.tex
LaTeX2e <2018-04-01> patch level 5
(umassdthesis.cls
Document Class: umassdthesis 2015/06/01 v2.0a Document Style `umassdthesis' for
 University of Massachusetts Dartmouth theses and dissertations <2015>. For com
ments, assistance and modifications please contact the author: Prof. Grant O'Ri
elly grant.orielly@umassd.edu
("C:\Program Files\MiKTeX 2.9\tex\latex\base\report.cls"
Document Class: report 2014/09/29 v1.4h Standard LaTeX document class
("C:\Program Files\MiKTeX 2.9\tex\latex\base\size12.clo"
File: size12.clo 2014/09/29 v1.4h Standard LaTeX file (size option)
)
\c@part=\count80
\c@chapter=\count81
\c@section=\count82
\c@subsection=\count83
\c@subsubsection=\count84
\c@paragraph=\count85
\c@subparagraph=\count86
\c@figure=\count87
\c@table=\count88
\abovecaptionskip=\skip41
\belowcaptionskip=\skip42
\bibindent=\dimen102
)
("C:\Users\Deepak Rathi\AppData\Roaming\MiKTeX\2.9\tex\latex\setspace\setspace.
sty"
Package: setspace 2011/12/19 v6.7a set line spacing
) ("C:\Program Files\MiKTeX 2.9\tex\latex\base\ifthen.sty"
Package: ifthen 2014/09/29 v1.1c Standard LaTeX ifthen package (DPC)
)
("C:\Program Files\MiKTeX 2.9\tex\latex\geometry\geometry.sty"
Package: geometry 2018/04/16 v5.8 Page Geometry

("C:\Program Files\MiKTeX 2.9\tex\latex\graphics\keyval.sty"
Package: keyval 2014/10/28 v1.15 key=value parser (DPC)
\KV@toks@=\toks14
)
("C:\Program Files\MiKTeX 2.9\tex\generic\oberdiek\ifpdf.sty"
Package: ifpdf 2017/03/15 v3.2 Provides the ifpdf switch
)
("C:\Program Files\MiKTeX 2.9\tex\generic\oberdiek\ifvtex.sty"
Package: ifvtex 2016/05/16 v1.6 Detect VTeX and its facilities (HO)
Package ifvtex Info: VTeX not detected.
)
("C:\Program Files\MiKTeX 2.9\tex\generic\ifxetex\ifxetex.sty"
Package: ifxetex 2010/09/12 v0.6 Provides ifxetex conditional
)
\Gm@cnth=\count89
\Gm@cntv=\count90
\c@Gm@tempcnt=\count91
\Gm@bindingoffset=\dimen103
\Gm@wd@mp=\dimen104
\Gm@odd@mp=\dimen105
\Gm@even@mp=\dimen106
\Gm@layoutwidth=\dimen107
\Gm@layoutheight=\dimen108
\Gm@layouthoffset=\dimen109
\Gm@layoutvoffset=\dimen110
\Gm@dimlist=\toks15

("C:\Program Files\MiKTeX 2.9\tex\latex\geometry\geometry.cfg"))
("C:\Users\Deepak Rathi\AppData\Roaming\MiKTeX\2.9\tex\latex\tocloft\tocloft.st
y"
Package: tocloft 2017/08/31 v2.3i parameterised ToC, etc., typesetting
Package tocloft Info: The document has chapter divisions on input line 51.
\cftparskip=\skip43
\cftbeforetoctitleskip=\skip44
\cftaftertoctitleskip=\skip45
\cftbeforepartskip=\skip46
\cftpartnumwidth=\skip47
\cftpartindent=\skip48
\cftbeforechapskip=\skip49
\cftchapindent=\skip50
\cftchapnumwidth=\skip51
\cftbeforesecskip=\skip52
\cftsecindent=\skip53
\cftsecnumwidth=\skip54
\cftbeforesubsecskip=\skip55
\cftsubsecindent=\skip56
\cftsubsecnumwidth=\skip57
\cftbeforesubsubsecskip=\skip58
\cftsubsubsecindent=\skip59
\cftsubsubsecnumwidth=\skip60
\cftbeforeparaskip=\skip61
\cftparaindent=\skip62
\cftparanumwidth=\skip63
\cftbeforesubparaskip=\skip64
\cftsubparaindent=\skip65
\cftsubparanumwidth=\skip66
\cftbeforeloftitleskip=\skip67
\cftafterloftitleskip=\skip68
\cftbeforefigskip=\skip69
\cftfigindent=\skip70
\cftfignumwidth=\skip71
\c@lofdepth=\count92
\c@lotdepth=\count93
\cftbeforelottitleskip=\skip72
\cftafterlottitleskip=\skip73
\cftbeforetabskip=\skip74
\cfttabindent=\skip75
\cfttabnumwidth=\skip76
)
("C:\Users\Deepak Rathi\AppData\Roaming\MiKTeX\2.9\tex\latex\titlesec\titlesec.
sty"
Package: titlesec 2016/03/21 v2.10.2 Sectioning titles
\ttl@box=\box26
\beforetitleunit=\skip77
\aftertitleunit=\skip78
\ttl@plus=\dimen111
\ttl@minus=\dimen112
\ttl@toksa=\toks16
\titlewidth=\dimen113
\titlewidthlast=\dimen114
\titlewidthfirst=\dimen115
)
("C:\Users\Deepak Rathi\AppData\Roaming\MiKTeX\2.9\tex\latex\caption\caption.st
y"
Package: caption 2018/05/01 v3.3-147 Customizing captions (AR)

("C:\Users\Deepak Rathi\AppData\Roaming\MiKTeX\2.9\tex\latex\caption\caption3.s
ty"
Package: caption3 2018/05/27 v1.8a caption3 kernel (AR)
Package caption3 Info: TeX engine: e-TeX on input line 64.
\captionmargin=\dimen116
\captionmargin@=\dimen117
\captionwidth=\dimen118
\caption@tempdima=\dimen119
\caption@indent=\dimen120
\caption@parindent=\dimen121
\caption@hangindent=\dimen122
)
\c@ContinuedFloat=\count94
)
\c@th@SecNum=\count95
\c@th@SectionSave=\count96
\lwidth=\skip79
\twidth=\skip80
\thislinewidth=\skip81
\siglinewidth=\skip82
\datelinewidth=\skip83
\c@th@storepage=\count97
) ("C:\Program Files\MiKTeX 2.9\tex\latex\base\fontenc.sty"
Package: fontenc 2017/04/05 v2.0i Standard LaTeX package

("C:\Program Files\MiKTeX 2.9\tex\latex\base\t1enc.def"
File: t1enc.def 2017/04/05 v2.0i Standard LaTeX file
LaTeX Font Info:    Redeclaring font encoding T1 on input line 48.
))
("C:\Program Files\MiKTeX 2.9\tex\latex\base\inputenc.sty"
Package: inputenc 2018/04/06 v1.3b Input encoding file
\inpenc@prehook=\toks17
\inpenc@posthook=\toks18

("C:\Program Files\MiKTeX 2.9\tex\latex\base\latin1.def"
File: latin1.def 2018/04/06 v1.3b Input encoding file
))
("C:\Program Files\MiKTeX 2.9\tex\latex\graphics\graphicx.sty"
Package: graphicx 2017/06/01 v1.1a Enhanced LaTeX Graphics (DPC,SPQR)

("C:\Program Files\MiKTeX 2.9\tex\latex\graphics\graphics.sty"
Package: graphics 2017/06/25 v1.2c Standard LaTeX Graphics (DPC,SPQR)

("C:\Program Files\MiKTeX 2.9\tex\latex\graphics\trig.sty"
Package: trig 2016/01/03 v1.10 sin cos tan (DPC)
)
("C:\Program Files\MiKTeX 2.9\tex\latex\graphics-cfg\graphics.cfg"
File: graphics.cfg 2016/06/04 v1.11 sample graphics configuration
)
Package graphics Info: Driver file: pdftex.def on input line 99.

("C:\Program Files\MiKTeX 2.9\tex\latex\graphics-def\pdftex.def"
File: pdftex.def 2018/01/08 v1.0l Graphics/color driver for pdftex
))
\Gin@req@height=\dimen123
\Gin@req@width=\dimen124
)
("C:\Users\Deepak Rathi\AppData\Roaming\MiKTeX\2.9\tex\latex\csquotes\csquotes.
sty"
Package: csquotes 2018/04/13 v5.2d context-sensitive quotations (JAW)

("C:\Users\Deepak Rathi\AppData\Roaming\MiKTeX\2.9\tex\latex\etoolbox\etoolbox.
sty"
Package: etoolbox 2018/08/19 v2.5f e-TeX tools for LaTeX (JAW)
\etb@tempcnta=\count98
)
\csq@reset=\count99
\csq@gtype=\count100
\csq@glevel=\count101
\csq@qlevel=\count102
\csq@maxlvl=\count103
\csq@tshold=\count104
\csq@ltx@everypar=\toks19

("C:\Users\Deepak Rathi\AppData\Roaming\MiKTeX\2.9\tex\latex\csquotes\csquotes.
def"
File: csquotes.def 2018/04/13 v5.2d csquotes generic definitions (JAW)
)
Package csquotes Info: Trying to load configuration file 'csquotes.cfg'...
Package csquotes Info: ... configuration file loaded successfully.

("C:\Users\Deepak Rathi\AppData\Roaming\MiKTeX\2.9\tex\latex\csquotes\csquotes.
cfg"
File: csquotes.cfg 
)) ("C:\Program Files\MiKTeX 2.9\tex\latex\amsmath\amsmath.sty"
Package: amsmath 2017/09/02 v2.17a AMS math features
\@mathmargin=\skip84

For additional information on amsmath, use the `?' option.
("C:\Program Files\MiKTeX 2.9\tex\latex\amsmath\amstext.sty"
Package: amstext 2000/06/29 v2.01 AMS text

("C:\Program Files\MiKTeX 2.9\tex\latex\amsmath\amsgen.sty"
File: amsgen.sty 1999/11/30 v2.0 generic functions
\@emptytoks=\toks20
\ex@=\dimen125
))
("C:\Program Files\MiKTeX 2.9\tex\latex\amsmath\amsbsy.sty"
Package: amsbsy 1999/11/29 v1.2d Bold Symbols
\pmbraise@=\dimen126
)
("C:\Program Files\MiKTeX 2.9\tex\latex\amsmath\amsopn.sty"
Package: amsopn 2016/03/08 v2.02 operator names
)
\inf@bad=\count105
LaTeX Info: Redefining \frac on input line 213.
\uproot@=\count106
\leftroot@=\count107
LaTeX Info: Redefining \overline on input line 375.
\classnum@=\count108
\DOTSCASE@=\count109
LaTeX Info: Redefining \ldots on input line 472.
LaTeX Info: Redefining \dots on input line 475.
LaTeX Info: Redefining \cdots on input line 596.
\Mathstrutbox@=\box27
\strutbox@=\box28
\big@size=\dimen127
LaTeX Font Info:    Redeclaring font encoding OML on input line 712.
LaTeX Font Info:    Redeclaring font encoding OMS on input line 713.
\macc@depth=\count110
\c@MaxMatrixCols=\count111
\dotsspace@=\muskip10
\c@parentequation=\count112
\dspbrk@lvl=\count113
\tag@help=\toks21
\row@=\count114
\column@=\count115
\maxfields@=\count116
\andhelp@=\toks22
\eqnshift@=\dimen128
\alignsep@=\dimen129
\tagshift@=\dimen130
\tagwidth@=\dimen131
\totwidth@=\dimen132
\lineht@=\dimen133
\@envbody=\toks23
\multlinegap=\skip85
\multlinetaggap=\skip86
\mathdisplay@stack=\toks24
LaTeX Info: Redefining \[ on input line 2817.
LaTeX Info: Redefining \] on input line 2818.
)
("C:\Users\Deepak Rathi\AppData\Roaming\MiKTeX\2.9\tex\latex\mathtools\mathtool
s.sty"
Package: mathtools 2018/01/08 v1.21 mathematical typesetting tools
 ("C:\Program Files\MiKTeX 2.9\tex\latex\tools\calc.sty"
Package: calc 2017/05/25 v4.3 Infix arithmetic (KKT,FJ)
\calc@Acount=\count117
\calc@Bcount=\count118
\calc@Adimen=\dimen134
\calc@Bdimen=\dimen135
\calc@Askip=\skip87
\calc@Bskip=\skip88
LaTeX Info: Redefining \setlength on input line 80.
LaTeX Info: Redefining \addtolength on input line 81.
\calc@Ccount=\count119
\calc@Cskip=\skip89
)
("C:\Users\Deepak Rathi\AppData\Roaming\MiKTeX\2.9\tex\latex\mathtools\mhsetup.
sty"
Package: mhsetup 2017/03/31 v1.3 programming setup (MH)
)
LaTeX Info: Thecontrolsequence`\('isalreadyrobust on input line 129.
LaTeX Info: Thecontrolsequence`\)'isalreadyrobust on input line 129.
LaTeX Info: Thecontrolsequence`\['isalreadyrobust on input line 129.
LaTeX Info: Thecontrolsequence`\]'isalreadyrobust on input line 129.
\g_MT_multlinerow_int=\count120
\l_MT_multwidth_dim=\dimen136
\origjot=\skip90
\l_MT_shortvdotswithinadjustabove_dim=\dimen137
\l_MT_shortvdotswithinadjustbelow_dim=\dimen138
\l_MT_above_intertext_sep=\dimen139
\l_MT_below_intertext_sep=\dimen140
\l_MT_above_shortintertext_sep=\dimen141
\l_MT_below_shortintertext_sep=\dimen142
) ("C:\Program Files\MiKTeX 2.9\tex\latex\amsfonts\amsfonts.sty"
Package: amsfonts 2013/01/14 v3.01 Basic AMSFonts support
\symAMSa=\mathgroup4
\symAMSb=\mathgroup5
LaTeX Font Info:    Overwriting math alphabet `\mathfrak' in version `bold'
(Font)                  U/euf/m/n --> U/euf/b/n on input line 106.
)
("C:\Program Files\MiKTeX 2.9\tex\latex\amsfonts\amssymb.sty"
Package: amssymb 2013/01/14 v3.01 AMS font symbols
)
("C:\Users\Deepak Rathi\AppData\Roaming\MiKTeX\2.9\tex\latex\siunitx\siunitx.st
y"
("C:\Users\Deepak Rathi\AppData\Roaming\MiKTeX\2.9\tex\latex\l3kernel\expl3.sty
"
Package: expl3 2018-06-14 L3 programming layer (loader) 

("C:\Users\Deepak Rathi\AppData\Roaming\MiKTeX\2.9\tex\latex\l3kernel\expl3-cod
e.tex"
Package: expl3 2018-06-14 L3 programming layer (code)
\c_max_int=\count121
\l_tmpa_int=\count122
\l_tmpb_int=\count123
\g_tmpa_int=\count124
\g_tmpb_int=\count125
\g__kernel_prg_map_int=\count126
\c_log_iow=\count127
\l_iow_line_count_int=\count128
\l__iow_line_target_int=\count129
\l__iow_one_indent_int=\count130
\l__iow_indent_int=\count131
\c_zero_dim=\dimen143
\c_max_dim=\dimen144
\l_tmpa_dim=\dimen145
\l_tmpb_dim=\dimen146
\g_tmpa_dim=\dimen147
\g_tmpb_dim=\dimen148
\c_zero_skip=\skip91
\c_max_skip=\skip92
\l_tmpa_skip=\skip93
\l_tmpb_skip=\skip94
\g_tmpa_skip=\skip95
\g_tmpb_skip=\skip96
\c_zero_muskip=\muskip11
\c_max_muskip=\muskip12
\l_tmpa_muskip=\muskip13
\l_tmpb_muskip=\muskip14
\g_tmpa_muskip=\muskip15
\g_tmpb_muskip=\muskip16
\l_keys_choice_int=\count132
\l__intarray_loop_int=\count133
\c__intarray_sp_dim=\dimen149
\g__intarray_font_int=\count134
\c__fp_leading_shift_int=\count135
\c__fp_middle_shift_int=\count136
\c__fp_trailing_shift_int=\count137
\c__fp_big_leading_shift_int=\count138
\c__fp_big_middle_shift_int=\count139
\c__fp_big_trailing_shift_int=\count140
\c__fp_Bigg_leading_shift_int=\count141
\c__fp_Bigg_middle_shift_int=\count142
\c__fp_Bigg_trailing_shift_int=\count143
\c__kernel_randint_max_int=\count144
\g__fp_array_int=\count145
\l__fp_array_loop_int=\count146
\l__sort_length_int=\count147
\l__sort_min_int=\count148
\l__sort_top_int=\count149
\l__sort_max_int=\count150
\l__sort_true_max_int=\count151
\l__sort_block_int=\count152
\l__sort_begin_int=\count153
\l__sort_end_int=\count154
\l__sort_A_int=\count155
\l__sort_B_int=\count156
\l__sort_C_int=\count157
\l__tl_analysis_normal_int=\count158
\l__tl_analysis_index_int=\count159
\l__tl_analysis_nesting_int=\count160
\l__tl_analysis_type_int=\count161
\l__regex_internal_a_int=\count162
\l__regex_internal_b_int=\count163
\l__regex_internal_c_int=\count164
\l__regex_balance_int=\count165
\l__regex_group_level_int=\count166
\l__regex_mode_int=\count167
\c__regex_cs_in_class_mode_int=\count168
\c__regex_cs_mode_int=\count169
\l__regex_catcodes_int=\count170
\l__regex_default_catcodes_int=\count171
\c__regex_catcode_D_int=\count172
\c__regex_catcode_S_int=\count173
\c__regex_catcode_L_int=\count174
\c__regex_catcode_O_int=\count175
\c__regex_catcode_A_int=\count176
\c__regex_all_catcodes_int=\count177
\l__regex_show_lines_int=\count178
\l__regex_min_state_int=\count179
\l__regex_max_state_int=\count180
\l__regex_left_state_int=\count181
\l__regex_right_state_int=\count182
\l__regex_capturing_group_int=\count183
\l__regex_min_pos_int=\count184
\l__regex_max_pos_int=\count185
\l__regex_curr_pos_int=\count186
\l__regex_start_pos_int=\count187
\l__regex_success_pos_int=\count188
\l__regex_curr_char_int=\count189
\l__regex_curr_catcode_int=\count190
\l__regex_last_char_int=\count191
\l__regex_case_changed_char_int=\count192
\l__regex_curr_state_int=\count193
\l__regex_step_int=\count194
\l__regex_min_active_int=\count195
\l__regex_max_active_int=\count196
\l__regex_replacement_csnames_int=\count197
\l__regex_match_count_int=\count198
\l__regex_min_submatch_int=\count199
\l__regex_submatch_int=\count266
\l__regex_zeroth_submatch_int=\count267
\g__regex_trace_regex_int=\count268
\c_empty_box=\box29
\l_tmpa_box=\box30
\l_tmpb_box=\box31
\g_tmpa_box=\box32
\g_tmpb_box=\box33
\l__box_top_dim=\dimen150
\l__box_bottom_dim=\dimen151
\l__box_left_dim=\dimen152
\l__box_right_dim=\dimen153
\l__box_top_new_dim=\dimen154
\l__box_bottom_new_dim=\dimen155
\l__box_left_new_dim=\dimen156
\l__box_right_new_dim=\dimen157
\l__box_internal_box=\box34
\l__coffin_internal_box=\box35
\l__coffin_internal_dim=\dimen158
\l__coffin_offset_x_dim=\dimen159
\l__coffin_offset_y_dim=\dimen160
\l__coffin_x_dim=\dimen161
\l__coffin_y_dim=\dimen162
\l__coffin_x_prime_dim=\dimen163
\l__coffin_y_prime_dim=\dimen164
\c_empty_coffin=\box36
\l__coffin_aligned_coffin=\box37
\l__coffin_aligned_internal_coffin=\box38
\l_tmpa_coffin=\box39
\l_tmpb_coffin=\box40
\l__coffin_display_coffin=\box41
\l__coffin_display_coord_coffin=\box42
\l__coffin_display_pole_coffin=\box43
\l__coffin_display_offset_dim=\dimen165
\l__coffin_display_x_dim=\dimen166
\l__coffin_display_y_dim=\dimen167
\g__file_internal_ior=\read1
\l__coffin_bounding_shift_dim=\dimen168
\l__coffin_left_corner_dim=\dimen169
\l__coffin_right_corner_dim=\dimen170
\l__coffin_bottom_corner_dim=\dimen171
\l__coffin_top_corner_dim=\dimen172
\l__coffin_scaled_total_height_dim=\dimen173
\l__coffin_scaled_width_dim=\dimen174
\l__seq_internal_a_int=\count269
\l__seq_internal_b_int=\count270
)
("C:\Users\Deepak Rathi\AppData\Roaming\MiKTeX\2.9\tex\latex\l3kernel\l3pdfmode
.def"
File: l3pdfmode.def 2018-06-14 v L3 Experimental driver: PDF mode
\l__driver_color_stack_int=\count271
))
("C:\Users\Deepak Rathi\AppData\Roaming\MiKTeX\2.9\tex\latex\l3packages\xparse\
xparse.sty"
Package: xparse 2018-05-12 L3 Experimental document command parser
\l__xparse_current_arg_int=\count272
\g__xparse_grabber_int=\count273
\l__xparse_m_args_int=\count274
\l__xparse_mandatory_args_int=\count275
\l__xparse_v_nesting_int=\count276
)
Package: siunitx 2018/05/17 v2.7s A comprehensive (SI) units package
 ("C:\Program Files\MiKTeX 2.9\tex\latex\tools\array.sty"
Package: array 2018/04/30 v2.4h Tabular extension package (FMi)
\col@sep=\dimen175
\ar@mcellbox=\box44
\extrarowheight=\dimen176
\NC@list=\toks25
\extratabsurround=\skip97
\backup@length=\skip98
\ar@cellbox=\box45
)
("C:\Users\Deepak Rathi\AppData\Roaming\MiKTeX\2.9\tex\latex\l3packages\l3keys2
e\l3keys2e.sty"
Package: l3keys2e 2018-05-12 LaTeX2e option processing using LaTeX3 keys
)
\l__siunitx_tmp_box=\box46
\l__siunitx_tmp_dim=\dimen177
\l__siunitx_tmp_int=\count277
\l__siunitx_number_mantissa_length_int=\count278
\l__siunitx_number_uncert_length_int=\count279
\l__siunitx_round_int=\count280
\l__siunitx_process_decimal_int=\count281
\l__siunitx_process_uncertainty_int=\count282
\l__siunitx_process_fixed_int=\count283
\l__siunitx_process_integer_min_int=\count284
\l__siunitx_process_precision_int=\count285
\l__siunitx_group_min_int=\count286
\l__siunitx_angle_marker_box=\box47
\l__siunitx_angle_unit_box=\box48
\l__siunitx_angle_marker_dim=\dimen178
\l__siunitx_angle_unit_dim=\dimen179
\l__siunitx_unit_int=\count287
\l__siunitx_unit_denominator_int=\count288
\l__siunitx_unit_numerator_int=\count289
\l__siunitx_unit_prefix_int=\count290
\l__siunitx_unit_prefix_base_int=\count291
\l__siunitx_unit_prefix_gram_int=\count292
\l__siunitx_number_product_int=\count293
\c__siunitx_one_fill_skip=\skip99
\l__siunitx_table_unit_align_skip=\skip100
\l__siunitx_table_exponent_dim=\dimen180
\l__siunitx_table_integer_dim=\dimen181
\l__siunitx_table_mantissa_dim=\dimen182
\l__siunitx_table_marker_dim=\dimen183
\l__siunitx_table_result_dim=\dimen184
\l__siunitx_table_uncert_dim=\dimen185
\l__siunitx_table_fill_pre_dim=\dimen186
\l__siunitx_table_fill_post_dim=\dimen187
\l__siunitx_table_fill_mid_dim=\dimen188
\l__siunitx_table_pre_box=\box49
\l__siunitx_table_post_box=\box50
\l__siunitx_table_mantissa_box=\box51
\l__siunitx_table_result_box=\box52
\l__siunitx_table_number_align_skip=\skip101
\l__siunitx_table_text_align_skip=\skip102
.................................................
. LaTeX info: "xparse/define-command"
. 
. Defining command \DeclareBinaryPrefix with sig. 'mmm' on line 7237.
.................................................
.................................................
. LaTeX info: "xparse/define-command"
. 
. Defining command \DeclareSIPostPower with sig. 'mm' on line 7240.
.................................................
.................................................
. LaTeX info: "xparse/define-command"
. 
. Defining command \DeclareSIPrefix with sig. 'mmm' on line 7243.
.................................................
.................................................
. LaTeX info: "xparse/define-command"
. 
. Defining command \DeclareSIPrePower with sig. 'mm' on line 7246.
.................................................
.................................................
. LaTeX info: "xparse/define-command"
. 
. Defining command \DeclareSIQualifier with sig. 'mm' on line 7249.
.................................................
.................................................
. LaTeX info: "xparse/define-command"
. 
. Defining command \DeclareSIUnit with sig. 'O{}mm' on line 7252.
.................................................
.................................................
. LaTeX info: "xparse/define-command"
. 
. Defining command \DeclareSIUnitWithOptions with sig. 'mmm' on line 7255.
.................................................
.................................................
. LaTeX info: "xparse/define-command"
. 
. Defining command \ang with sig. 'o>{\SplitArgument {2}{;}}m' on line 7270.
.................................................
.................................................
. LaTeX info: "xparse/define-command"
. 
. Defining command \num with sig. 'om' on line 7279.
.................................................
.................................................
. LaTeX info: "xparse/define-command"
. 
. Defining command \numlist with sig. 'o>{\SplitList {;}}m' on line 7288.
.................................................
.................................................
. LaTeX info: "xparse/define-command"
. 
. Defining command \numrange with sig. 'omm' on line 7297.
.................................................
.................................................
. LaTeX info: "xparse/define-command"
. 
. Defining command \SIlist with sig. 'o>{\SplitList {;}}mm' on line 7309.
.................................................
.................................................
. LaTeX info: "xparse/define-command"
. 
. Defining command \SIrange with sig. 'ommm' on line 7321.
.................................................
.................................................
. LaTeX info: "xparse/define-command"
. 
. Defining command \SI with sig. 'omom' on line 7333.
.................................................
.................................................
. LaTeX info: "xparse/define-command"
. 
. Defining command \sisetup with sig. 'm' on line 7336.
.................................................
.................................................
. LaTeX info: "xparse/define-command"
. 
. Defining command \tablenum with sig. 'om' on line 7351.
.................................................
.................................................
. LaTeX info: "xparse/define-command"
. 
. Defining command \si with sig. 'om' on line 7363.
.................................................
.................................................
. LaTeX info: "xparse/define-command"
. 
. Defining command \numInBookmark with sig. 'om' on line 7410.
.................................................
.................................................
. LaTeX info: "xparse/define-command"
. 
. Defining command \numrangeInBookmark with sig. 'omm' on line 7412.
.................................................
.................................................
. LaTeX info: "xparse/define-command"
. 
. Defining command \SIInBookmark with sig. 'omom' on line 7414.
.................................................
.................................................
. LaTeX info: "xparse/define-command"
. 
. Defining command \SIlistInBookmark with sig. 'omm' on line 7416.
.................................................
.................................................
. LaTeX info: "xparse/define-command"
. 
. Defining command \SIrangeInBookmark with sig. 'ommm' on line 7418.
.................................................
.................................................
. LaTeX info: "xparse/define-command"
. 
. Defining command \siInBookmark with sig. 'om' on line 7419.
.................................................

("C:\Users\Deepak Rathi\AppData\Roaming\MiKTeX\2.9\tex\latex\translator\transla
tor.sty"
Package: translator 2018/01/04 v1.12 Easy translation of strings in LaTeX
)) ("C:\Program Files\MiKTeX 2.9\tex\latex\tools\tabularx.sty"
Package: tabularx 2016/02/03 v2.11b `tabularx' package (DPC)
\TX@col@width=\dimen189
\TX@old@table=\dimen190
\TX@old@col=\dimen191
\TX@target=\dimen192
\TX@delta=\dimen193
\TX@cols=\count294
\TX@ftn=\toks26
)
("C:\Users\Deepak Rathi\AppData\Roaming\MiKTeX\2.9\tex\latex\makecell\makecell.
sty"
Package: makecell 2009/08/03 V0.1e Managing of Tab Column Heads and Cells
\rotheadsize=\dimen194
\c@nlinenum=\count295
\TeXr@lab=\toks27
)
("C:\Users\Deepak Rathi\AppData\Roaming\MiKTeX\2.9\tex\latex\preprint\balance.s
ty"
Package: balance 1999/02/23 4.3 (PWD)
\oldvsize=\dimen195
)
("C:\Users\Deepak Rathi\AppData\Roaming\MiKTeX\2.9\tex\latex\booktabs\booktabs.
sty"
Package: booktabs 2005/04/14 v1.61803 publication quality tables
\heavyrulewidth=\dimen196
\lightrulewidth=\dimen197
\cmidrulewidth=\dimen198
\belowrulesep=\dimen199
\belowbottomsep=\dimen256
\aboverulesep=\dimen257
\abovetopsep=\dimen258
\cmidrulesep=\dimen259
\cmidrulekern=\dimen260
\defaultaddspace=\dimen261
\@cmidla=\count296
\@cmidlb=\count297
\@aboverulesep=\dimen262
\@belowrulesep=\dimen263
\@thisruleclass=\count298
\@lastruleclass=\count299
\@thisrulewidth=\dimen264
)
("C:\Users\Deepak Rathi\AppData\Roaming\MiKTeX\2.9\tex\latex\tabto\tabto.sty"
Package: tabto 2013/03/25  v 1.3  Another tabbing mechanism
\CurrentLineWidth=\dimen265
)
("C:\Users\Deepak Rathi\AppData\Roaming\MiKTeX\2.9\tex\latex\hyphenat\hyphenat.
sty"
Package: hyphenat 2009/09/02 v2.3c hyphenation utilities
\langwohyphens=\language76
LaTeX Info: Redefining \_ on input line 43.
) ("C:\Program Files\MiKTeX 2.9\tex\latex\float\float.sty"
Package: float 2001/11/08 v1.3d Float enhancements (AL)
\c@float@type=\count300
\float@exts=\toks28
\float@box=\box53
\@float@everytoks=\toks29
\@floatcapt=\box54
)
("C:\Program Files\MiKTeX 2.9\tex\latex\tools\verbatim.sty"
Package: verbatim 2014/10/28 v1.5q LaTeX2e package for verbatim enhancements
\every@verbatim=\toks30
\verbatim@line=\toks31
\verbatim@in@stream=\read2
)
("C:\Users\Deepak Rathi\AppData\Roaming\MiKTeX\2.9\tex\latex\algorithmicx\algps
eudocode.sty"
Package: algpseudocode 

("C:\Users\Deepak Rathi\AppData\Roaming\MiKTeX\2.9\tex\latex\algorithmicx\algor
ithmicx.sty"
Package: algorithmicx 2005/04/27 v1.2 Algorithmicx

Document Style algorithmicx 1.2 - a greatly improved `algorithmic' style
\c@ALG@line=\count301
\c@ALG@rem=\count302
\c@ALG@nested=\count303
\ALG@tlm=\skip103
\ALG@thistlm=\skip104
\c@ALG@Lnr=\count304
\c@ALG@blocknr=\count305
\c@ALG@storecount=\count306
\c@ALG@tmpcounter=\count307
\ALG@tmplength=\skip105
)
Document Style - pseudocode environments for use with the `algorithmicx' style
)
("C:\Users\Deepak Rathi\AppData\Roaming\MiKTeX\2.9\tex\latex\algorithms\algorit
hm.sty"
Package: algorithm 2009/08/24 v0.1 Document Style `algorithm' - floating enviro
nment
\@float@every@algorithm=\toks32
\c@algorithm=\count308
)
("C:\Users\Deepak Rathi\AppData\Roaming\MiKTeX\2.9\tex\latex\caption\subcaption
.sty"
Package: subcaption 2018/05/01 v1.1-162 Sub-captions (AR)
\c@subfigure=\count309
\c@subtable=\count310
)
("C:\Users\Deepak Rathi\AppData\Roaming\MiKTeX\2.9\tex\latex\enumitem\enumitem.
sty"
Package: enumitem 2011/09/28 v3.5.2 Customized lists
\labelindent=\skip106
\enit@outerparindent=\dimen266
\enit@toks=\toks33
\enit@inbox=\box55
\enitdp@description=\count311
)
("C:\Users\Deepak Rathi\AppData\Roaming\MiKTeX\2.9\tex\latex\acronym\acronym.st
y"
Package: acronym 2015/03/21 v1.41 Support for acronyms (Tobias Oetiker)

("C:\Users\Deepak Rathi\AppData\Roaming\MiKTeX\2.9\tex\latex\bigfoot\suffix.sty
"
Package: suffix 2006/07/15 1.5a Variant command support
)
("C:\Users\Deepak Rathi\AppData\Roaming\MiKTeX\2.9\tex\latex\xstring\xstring.st
y"
("C:\Users\Deepak Rathi\AppData\Roaming\MiKTeX\2.9\tex\generic\xstring\xstring.
tex"
\integerpart=\count312
\decimalpart=\count313
)
Package: xstring 2019/02/06 v1.83 String manipulations (CT)
)
\AC@clearlist=\toks34
)
("C:\Users\Deepak Rathi\AppData\Roaming\MiKTeX\2.9\tex\latex\nomencl\nomencl.st
y"
Package: nomencl 2005/09/22 v4.2 Nomenclature package (LN)
\nomlabelwidth=\dimen267
\nom@tempdim=\dimen268
\nomitemsep=\skip107
)
\@nomenclaturefile=\write3
\openout3 = `thesis_latex_template_minimal.nlo'.


Writing nomenclature file thesis_latex_template_minimal.nlo
("C:\Program Files\MiKTeX 2.9\tex\latex\psnfss\times.sty"
Package: times 2005/04/12 PSNFSS-v9.2a (SPQR) 
)
("C:\Users\Deepak Rathi\AppData\Roaming\MiKTeX\2.9\tex\latex\cases\cases.sty"
Package: cases 2002/05/02 ver 2.5 
)
\enitdp@abbrv=\count314

("C:\Program Files\MiKTeX 2.9\tex\latex\multirow\multirow.sty"
Package: multirow 2018/08/03 v2.3 Span multiple rows of a table
\multirow@colwidth=\skip108
\multirow@cntb=\count315
\multirow@dima=\skip109
\bigstrutjot=\dimen269
)
("C:\Program Files\MiKTeX 2.9\tex\latex\tools\hhline.sty"
Package: hhline 2014/10/28 v2.03 Table rule package (DPC)
)
("C:\Program Files\MiKTeX 2.9\tex\latex\tools\dcolumn.sty"
Package: dcolumn 2014/10/28 v1.06 decimal alignment package (DPC)
)
Package csquotes Info: Checking for multilingual support...
Package csquotes Info: ... none found.

(thesis_latex_template_minimal.aux

LaTeX Warning: Label `eq:DL1' multiply defined.

)
\openout1 = `thesis_latex_template_minimal.aux'.

LaTeX Font Info:    Checking defaults for OML/cmm/m/it on input line 335.
LaTeX Font Info:    ... okay on input line 335.
LaTeX Font Info:    Checking defaults for T1/cmr/m/n on input line 335.
LaTeX Font Info:    ... okay on input line 335.
LaTeX Font Info:    Checking defaults for OT1/cmr/m/n on input line 335.
LaTeX Font Info:    ... okay on input line 335.
LaTeX Font Info:    Checking defaults for OMS/cmsy/m/n on input line 335.
LaTeX Font Info:    ... okay on input line 335.
LaTeX Font Info:    Checking defaults for OMX/cmex/m/n on input line 335.
LaTeX Font Info:    ... okay on input line 335.
LaTeX Font Info:    Checking defaults for U/cmr/m/n on input line 335.
LaTeX Font Info:    ... okay on input line 335.
LaTeX Font Info:    Try loading font information for T1+ptm on input line 335.
 ("C:\Program Files\MiKTeX 2.9\tex\latex\psnfss\t1ptm.fd"
File: t1ptm.fd 2001/06/04 font definitions for T1/ptm.
)
*geometry* driver: auto-detecting
*geometry* detected driver: pdftex
*geometry* verbose mode - [ preamble ] result:
* driver: pdftex
* paper: letterpaper
* layout: <same size as paper>
* layoutoffset:(h,v)=(0.0pt,0.0pt)
* modes: includehead includefoot 
* h-part:(L,W,R)=(72.26999pt, 469.75502pt, 72.26999pt)
* v-part:(T,H,B)=(72.26999pt, 650.43001pt, 72.26999pt)
* \paperwidth=614.295pt
* \paperheight=794.96999pt
* \textwidth=469.75502pt
* \textheight=601.20258pt
* \oddsidemargin=0.0pt
* \evensidemargin=0.0pt
* \topmargin=0.0pt
* \headheight=12.0pt
* \headsep=7.22743pt
* \topskip=12.0pt
* \footskip=30.0pt
* \marginparwidth=44.0pt
* \marginparsep=10.0pt
* \columnsep=10.0pt
* \skip\footins=10.8pt plus 4.0pt minus 2.0pt
* \hoffset=0.0pt
* \voffset=0.0pt
* \mag=1000
* \@twocolumnfalse
* \@twosidefalse
* \@mparswitchfalse
* \@reversemarginfalse
* (1in=72.27pt=25.4mm, 1cm=28.453pt)

Package caption Info: Begin \AtBeginDocument code.
Package caption Info: float package is loaded.
Package caption Info: End \AtBeginDocument code.

("C:\Users\Deepak Rathi\AppData\Roaming\MiKTeX\2.9\tex\latex\titlesec\ttlkeys.d
ef"
File: ttlkeys.def 2016/03/15
)
\loftlabelwidth=\skip110

("C:\Users\Deepak Rathi\AppData\Roaming\MiKTeX\2.9\tex\context\base\supp-pdf.mk
ii"
[Loading MPS to PDF converter (version 2006.09.02).]
\scratchcounter=\count316
\scratchdimen=\dimen270
\scratchbox=\box56
\nofMPsegments=\count317
\nofMParguments=\count318
\everyMPshowfont=\toks35
\MPscratchCnt=\count319
\MPscratchDim=\dimen271
\MPnumerator=\count320
\makeMPintoPDFobject=\count321
\everyMPtoPDFconversion=\toks36
) ("C:\Program Files\MiKTeX 2.9\tex\latex\oberdiek\epstopdf-base.sty"
Package: epstopdf-base 2016/05/15 v2.6 Base part for package epstopdf

("C:\Program Files\MiKTeX 2.9\tex\generic\oberdiek\infwarerr.sty"
Package: infwarerr 2016/05/16 v1.4 Providing info/warning/error messages (HO)
)
("C:\Program Files\MiKTeX 2.9\tex\latex\oberdiek\grfext.sty"
Package: grfext 2016/05/16 v1.2 Manage graphics extensions (HO)

("C:\Program Files\MiKTeX 2.9\tex\generic\oberdiek\kvdefinekeys.sty"
Package: kvdefinekeys 2016/05/16 v1.4 Define keys (HO)

("C:\Program Files\MiKTeX 2.9\tex\generic\oberdiek\ltxcmds.sty"
Package: ltxcmds 2016/05/16 v1.23 LaTeX kernel commands for general use (HO)
)))
("C:\Program Files\MiKTeX 2.9\tex\latex\oberdiek\kvoptions.sty"
Package: kvoptions 2016/05/16 v3.12 Key value format for package options (HO)

("C:\Program Files\MiKTeX 2.9\tex\generic\oberdiek\kvsetkeys.sty"
Package: kvsetkeys 2016/05/16 v1.17 Key value parser (HO)

("C:\Program Files\MiKTeX 2.9\tex\generic\oberdiek\etexcmds.sty"
Package: etexcmds 2016/05/16 v1.6 Avoid name clashes with e-TeX commands (HO)

("C:\Program Files\MiKTeX 2.9\tex\generic\oberdiek\ifluatex.sty"
Package: ifluatex 2016/05/16 v1.4 Provides the ifluatex switch (HO)
Package ifluatex Info: LuaTeX not detected.
)
Package etexcmds Info: Could not find \expanded.
(etexcmds)             That can mean that you are not using pdfTeX 1.50 or
(etexcmds)             that some package has redefined \expanded.
(etexcmds)             In the latter case, load this package earlier.
)))
("C:\Program Files\MiKTeX 2.9\tex\generic\oberdiek\pdftexcmds.sty"
Package: pdftexcmds 2018/01/30 v0.27 Utility functions of pdfTeX for LuaTeX (HO
)
Package pdftexcmds Info: LuaTeX not detected.
Package pdftexcmds Info: \pdf@primitive is available.
Package pdftexcmds Info: \pdf@ifprimitive is available.
Package pdftexcmds Info: \pdfdraftmode found.
)
Package epstopdf-base Info: Redefining graphics rule for `.eps' on input line 4
38.
Package grfext Info: Graphics extension search list:
(grfext)             [.pdf,.png,.jpg,.mps,.jpeg,.jbig2,.jb2,.PDF,.PNG,.JPG,.JPE
G,.JBIG2,.JB2,.eps]
(grfext)             \AppendGraphicsExtensions on input line 456.
)
Now handling font encoding TS1 ...
... processing UTF-8 mapping file for font encoding TS1

("C:\Program Files\MiKTeX 2.9\tex\latex\base\ts1enc.dfu"
File: ts1enc.dfu 2018/04/05 v1.2c UTF-8 support for inputenc
   defining Unicode char U+00A2 (decimal 162)
   defining Unicode char U+00A3 (decimal 163)
   defining Unicode char U+00A4 (decimal 164)
   defining Unicode char U+00A5 (decimal 165)
   defining Unicode char U+00A6 (decimal 166)
   defining Unicode char U+00A7 (decimal 167)
   defining Unicode char U+00A8 (decimal 168)
   defining Unicode char U+00A9 (decimal 169)
   defining Unicode char U+00AA (decimal 170)
   defining Unicode char U+00AC (decimal 172)
   defining Unicode char U+00AE (decimal 174)
   defining Unicode char U+00AF (decimal 175)
   defining Unicode char U+00B0 (decimal 176)
   defining Unicode char U+00B1 (decimal 177)
   defining Unicode char U+00B2 (decimal 178)
   defining Unicode char U+00B3 (decimal 179)
   defining Unicode char U+00B4 (decimal 180)
   defining Unicode char U+00B5 (decimal 181)
   defining Unicode char U+00B6 (decimal 182)
   defining Unicode char U+00B7 (decimal 183)
   defining Unicode char U+00B9 (decimal 185)
   defining Unicode char U+00BA (decimal 186)
   defining Unicode char U+00BC (decimal 188)
   defining Unicode char U+00BD (decimal 189)
   defining Unicode char U+00BE (decimal 190)
   defining Unicode char U+00D7 (decimal 215)
   defining Unicode char U+00F7 (decimal 247)
   defining Unicode char U+0192 (decimal 402)
   defining Unicode char U+02C7 (decimal 711)
   defining Unicode char U+02D8 (decimal 728)
   defining Unicode char U+02DD (decimal 733)
   defining Unicode char U+0E3F (decimal 3647)
   defining Unicode char U+2016 (decimal 8214)
   defining Unicode char U+2020 (decimal 8224)
   defining Unicode char U+2021 (decimal 8225)
   defining Unicode char U+2022 (decimal 8226)
   defining Unicode char U+2030 (decimal 8240)
   defining Unicode char U+2031 (decimal 8241)
   defining Unicode char U+203B (decimal 8251)
   defining Unicode char U+203D (decimal 8253)
   defining Unicode char U+2044 (decimal 8260)
   defining Unicode char U+204E (decimal 8270)
   defining Unicode char U+2052 (decimal 8274)
   defining Unicode char U+20A1 (decimal 8353)
   defining Unicode char U+20A4 (decimal 8356)
   defining Unicode char U+20A6 (decimal 8358)
   defining Unicode char U+20A9 (decimal 8361)
   defining Unicode char U+20AB (decimal 8363)
   defining Unicode char U+20AC (decimal 8364)
   defining Unicode char U+20B1 (decimal 8369)
   defining Unicode char U+2103 (decimal 8451)
   defining Unicode char U+2116 (decimal 8470)
   defining Unicode char U+2117 (decimal 8471)
   defining Unicode char U+211E (decimal 8478)
   defining Unicode char U+2120 (decimal 8480)
   defining Unicode char U+2122 (decimal 8482)
   defining Unicode char U+2126 (decimal 8486)
   defining Unicode char U+2127 (decimal 8487)
   defining Unicode char U+212E (decimal 8494)
   defining Unicode char U+2190 (decimal 8592)
   defining Unicode char U+2191 (decimal 8593)
   defining Unicode char U+2192 (decimal 8594)
   defining Unicode char U+2193 (decimal 8595)
   defining Unicode char U+2329 (decimal 9001)
   defining Unicode char U+232A (decimal 9002)
   defining Unicode char U+2422 (decimal 9250)
   defining Unicode char U+25E6 (decimal 9702)
   defining Unicode char U+25EF (decimal 9711)
   defining Unicode char U+266A (decimal 9834)
   defining Unicode char U+FEFF (decimal 65279)
)
("C:\Users\Deepak Rathi\AppData\Roaming\MiKTeX\2.9\tex\latex\translator\transla
tor-basic-dictionary-English.dict"
Dictionary: translator-basic-dictionary, Language: English 
)
("C:\Users\Deepak Rathi\AppData\Roaming\MiKTeX\2.9\tex\latex\siunitx\siunitx-ab
breviations.cfg"
File: siunitx-abbreviations.cfg 2017/11/26 v2.7k siunitx: Abbreviated units
)
Generating Page
Making Title Page
*geometry* verbose mode - [ newgeometry ] result:
* driver: pdftex
* paper: letterpaper
* layout: <same size as paper>
* layoutoffset:(h,v)=(0.0pt,0.0pt)
* modes: 
* h-part:(L,W,R)=(108.405pt, 397.485pt, 108.405pt)
* v-part:(T,H,B)=(108.405pt, 578.15999pt, 108.405pt)
* \paperwidth=614.295pt
* \paperheight=794.96999pt
* \textwidth=397.485pt
* \textheight=578.15999pt
* \oddsidemargin=36.13501pt
* \evensidemargin=36.13501pt
* \topmargin=16.90758pt
* \headheight=12.0pt
* \headsep=7.22743pt
* \topskip=12.0pt
* \footskip=30.0pt
* \marginparwidth=44.0pt
* \marginparsep=10.0pt
* \columnsep=10.0pt
* \skip\footins=10.8pt plus 4.0pt minus 2.0pt
* \hoffset=0.0pt
* \voffset=0.0pt
* \mag=1000
* \@twocolumnfalse
* \@twosidefalse
* \@mparswitchfalse
* \@reversemarginfalse
* (1in=72.27pt=25.4mm, 1cm=28.453pt)

LaTeX Font Info:    Font shape `T1/ptm/bx/n' in size <12> not available
(Font)              Font shape `T1/ptm/b/n' tried instead on input line 335.
LaTeX Font Info:    Font shape `T1/ptm/bx/n' in size <14.4> not available
(Font)              Font shape `T1/ptm/b/n' tried instead on input line 335.
LaTeX Font Info:    Try loading font information for U+msa on input line 335.
("C:\Program Files\MiKTeX 2.9\tex\latex\amsfonts\umsa.fd"
File: umsa.fd 2013/01/14 v3.01 AMS symbols A
)
LaTeX Font Info:    Try loading font information for U+msb on input line 335.

("C:\Program Files\MiKTeX 2.9\tex\latex\amsfonts\umsb.fd"
File: umsb.fd 2013/01/14 v3.01 AMS symbols B
) [1



{C:/Users/Deepak Rathi/AppData/Local/MiKTeX/2.9/pdftex/config/pdftex.map}]
Making Approval Page
A GRADUATE THESIS
\c@ct=\count322

Underfull \hbox (badness 10000) in paragraph at lines 335--335

 []


Underfull \hbox (badness 10000) in paragraph at lines 335--335

 []

[2


]
Making Abstract Page

Underfull \hbox (badness 10000) in paragraph at lines 335--335

 []


Underfull \hbox (badness 10000) in paragraph at lines 335--335

 []

Making Acknowedgements Page
[3



]
Making ToC Page
[4


] (thesis_latex_template_minimal.toc [5

] [6])
\tf@toc=\write4
\openout4 = `thesis_latex_template_minimal.toc'.


Making LoF Page
[7] (thesis_latex_template_minimal.lof)
\tf@lof=\write5
\openout5 = `thesis_latex_template_minimal.lof'.


Making LoT Page
[8

] (thesis_latex_template_minimal.lot)
\tf@lot=\write6
\openout6 = `thesis_latex_template_minimal.lot'.


Making Preface Page
Making Epigraph Page


-------------------Beginning Body----------------------


[9

] (abbr.tex) (ch1.tex [10


]
<figures/motivationfigure.jpg, id=35, 567.5604pt x 502.9992pt>
File: figures/motivationfigure.jpg Graphic file (type jpg)
<use figures/motivationfigure.jpg>
Package pdftex.def Info: figures/motivationfigure.jpg  used on input line 13.
(pdftex.def)             Requested size: 325.22751pt x 289.09181pt.
 [1

] [2 <./figures/motivationfigure.jpg>] [3]
[4] [5]
LaTeX Font Info:    Try loading font information for OMS+ptm on input line 62.
 ("C:\Program Files\MiKTeX 2.9\tex\latex\psnfss\omsptm.fd"
File: omsptm.fd 
)
LaTeX Font Info:    Font shape `OMS/ptm/m/n' in size <12> not available
(Font)              Font shape `OMS/cmsy/m/n' tried instead on input line 62.

Overfull \hbox (12.34346pt too wide) in paragraph at lines 64--65
[]\T1/ptm/m/n/12 To eval-u-ate the pro-posed method, ex-tended ex-per-i-ments h
ave been per-formed on PKU-MMD
 []

) (ch2.tex [6]
Overfull \hbox (11.24973pt too wide) in paragraph at lines 8--9
\T1/ptm/m/n/12 In hand-crafted method, lo-cal fea-tures are ex-tracted us-ing s
pace-time in-ter-est points [[]], cuboids [[]],
 []

[7

] [8] [9] [10] [11] [12] [13] [14]
Underfull \hbox (badness 10000) in paragraph at lines 159--160

 []

) (ch31.tex [15] [16

]
<figures/HOG-final2.jpg, id=93, 601.2864pt x 349.305pt>
File: figures/HOG-final2.jpg Graphic file (type jpg)
<use figures/HOG-final2.jpg>
Package pdftex.def Info: figures/HOG-final2.jpg  used on input line 31.
(pdftex.def)             Requested size: 330.66324pt x 192.09169pt.
 [17] [18 <./figures/HOG-final2.jpg>]
Underfull \hbox (badness 10000) in paragraph at lines 104--104
[]|\T1/ptm/m/n/10 Transfer
 []


Underfull \hbox (badness 10000) in paragraph at lines 104--104
\T1/ptm/m/n/10 Com-po-nent
 []

LaTeX Font Info:    Font shape `T1/ptm/bx/n' in size <10> not available
(Font)              Font shape `T1/ptm/b/n' tried instead on input line 104.

Underfull \hbox (badness 10000) in paragraph at lines 105--105
[]|\T1/ptm/m/n/10 Joint
 []


Underfull \hbox (badness 10000) in paragraph at lines 105--105
\T1/ptm/m/n/10 Dis-tri-bu-tion
 []


Underfull \hbox (badness 10000) in paragraph at lines 106--106
[]|\T1/ptm/m/n/10 Balance
 []


Underfull \hbox (badness 10000) in paragraph at lines 106--106
\T1/ptm/m/n/10 Dis-tri-bu-tion
 []

[19] [20] [21] [22]
<figures/DLpipeline.png, id=125, 248.6088pt x 299.1978pt>
File: figures/DLpipeline.png Graphic file (type png)
<use figures/DLpipeline.png>
Package pdftex.def Info: figures/DLpipeline.png  used on input line 144.
(pdftex.def)             Requested size: 144.54597pt x 144.54007pt.
<figures/JLPara2.png, id=126, 854.7132pt x 301.6068pt>
File: figures/JLPara2.png Graphic file (type png)
<use figures/JLPara2.png>
Package pdftex.def Info: figures/JLPara2.png  used on input line 156.
(pdftex.def)             Requested size: 396.7959pt x 140.0202pt.


LaTeX Warning: No positions in optional float specifier.
               Default added (so using `tbp') on input line 161.

<figures/framework/updatewholepage2.pdf, id=128, 614.295pt x 794.97pt>
File: figures/framework/updatewholepage2.pdf Graphic file (type pdf)
<use figures/framework/updatewholepage2.pdf>
Package pdftex.def Info: figures/framework/updatewholepage2.pdf  used on input 
line 163.
(pdftex.def)             Requested size: 396.7959pt x 513.50987pt.
[23] [24 <./figures/DLpipeline.png> <./figures/JLPara2.png>] [25 <./figures/fra
mework/updatewholepage2.pdf

pdfTeX warning: pdflatex.exe (file ./figures/framework/updatewholepage2.pdf): P
DF inclusion: invalid other resource which is no dict (key 'ProcSets', type <ar
ray>); ignored.
>]
<figures/novelpipeline.png, id=197, 250.0542pt x 344.487pt>
File: figures/novelpipeline.png Graphic file (type png)
<use figures/novelpipeline.png>
Package pdftex.def Info: figures/novelpipeline.png  used on input line 192.
(pdftex.def)             Requested size: 144.54314pt x 144.53636pt.
 [26] [27 <./figures/novelpipeline.png>] [28] [29] [30] [31] [32]) (ch4.tex
[33]
<figures/PKUMMD-NEW1.jpg, id=227, 1156.32pt x 1011.78pt>
File: figures/PKUMMD-NEW1.jpg Graphic file (type jpg)
<use figures/PKUMMD-NEW1.jpg>
Package pdftex.def Info: figures/PKUMMD-NEW1.jpg  used on input line 15.
(pdftex.def)             Requested size: 433.61894pt x 289.0859pt.

Underfull \hbox (badness 10000) in paragraph at lines 15--17
[][]
 []


Underfull \hbox (badness 10000) in paragraph at lines 15--17

 []

[34

] [35 <./figures/PKUMMD-NEW1.jpg>]
<figures/predictions.png, id=234, 1927.2pt x 1084.05pt>
File: figures/predictions.png Graphic file (type png)
<use figures/predictions.png>
Package pdftex.def Info: figures/predictions.png  used on input line 32.
(pdftex.def)             Requested size: 433.6013pt x 289.07487pt.
) (ch5.tex [36] [37 <./figures/predictions.png (PNG copy)>] [38

]
Overfull \hbox (8.52426pt too wide) in paragraph at lines 75--92
 [][][] 
 []

[39] [40] [41]
<figures/plots/View1-View2-2.pdf, id=254, 578.16pt x 361.35pt>
File: figures/plots/View1-View2-2.pdf Graphic file (type pdf)
<use figures/plots/View1-View2-2.pdf>
Package pdftex.def Info: figures/plots/View1-View2-2.pdf  used on input line 18
6.
(pdftex.def)             Requested size: 361.3491pt x 252.94327pt.


LaTeX Warning: No positions in optional float specifier.
               Default added (so using `tbp') on input line 194.

<figures/plots/View2-View1.pdf, id=255, 578.16pt x 361.35pt>
File: figures/plots/View2-View1.pdf Graphic file (type pdf)
<use figures/plots/View2-View1.pdf>
Package pdftex.def Info: figures/plots/View2-View1.pdf  used on input line 196.

(pdftex.def)             Requested size: 361.3491pt x 252.94327pt.
[42]

LaTeX Warning: No positions in optional float specifier.
               Default added (so using `tbp') on input line 202.

<"figures/Confusion matrix/BDA/View1View2/V1V2BDA".png, id=259, 421.575pt x 316
.18124pt>
File: "figures/Confusion matrix/BDA/View1View2/V1V2BDA".png Graphic file (type 
png)
<use "figures/Confusion matrix/BDA/View1View2/V1V2BDA".png>
Package pdftex.def Info: "figures/Confusion matrix/BDA/View1View2/V1V2BDA".png 
 used on input line 233.
(pdftex.def)             Requested size: 234.8775pt x 176.1581pt.
<"figures/Confusion matrix/TCA/View1View2/V1V2TCA".png, id=260, 421.575pt x 316
.18124pt>
File: "figures/Confusion matrix/TCA/View1View2/V1V2TCA".png Graphic file (type 
png)
<use "figures/Confusion matrix/TCA/View1View2/V1V2TCA".png>
Package pdftex.def Info: "figures/Confusion matrix/TCA/View1View2/V1V2TCA".png 
 used on input line 239.
(pdftex.def)             Requested size: 234.8775pt x 176.1581pt.
<"figures/Confusion matrix/JDA/View1View2/V1V2JDA".png, id=261, 421.575pt x 316
.18124pt>
File: "figures/Confusion matrix/JDA/View1View2/V1V2JDA".png Graphic file (type 
png)
<use "figures/Confusion matrix/JDA/View1View2/V1V2JDA".png>
Package pdftex.def Info: "figures/Confusion matrix/JDA/View1View2/V1V2JDA".png 
 used on input line 245.
(pdftex.def)             Requested size: 234.8775pt x 176.1581pt.
<"figures/Confusion matrix/TJM/View1View2/V1V2TJM".png, id=262, 421.575pt x 316
.18124pt>
File: "figures/Confusion matrix/TJM/View1View2/V1V2TJM".png Graphic file (type 
png)
<use "figures/Confusion matrix/TJM/View1View2/V1V2TJM".png>
Package pdftex.def Info: "figures/Confusion matrix/TJM/View1View2/V1V2TJM".png 
 used on input line 251.
(pdftex.def)             Requested size: 234.8775pt x 176.1581pt.

Underfull \hbox (badness 10000) in paragraph at lines 231--255
[]$[]$$[]$
 []

[43 <./figures/plots/View1-View2-2.pdf>] [44 <./figures/plots/View2-View1.pdf>]
<"figures/Confusion matrix/BDA/View2View1/V2V1BDA".png, id=273, 421.575pt x 316
.18124pt>
File: "figures/Confusion matrix/BDA/View2View1/V2V1BDA".png Graphic file (type 
png)
<use "figures/Confusion matrix/BDA/View2View1/V2V1BDA".png>
Package pdftex.def Info: "figures/Confusion matrix/BDA/View2View1/V2V1BDA".png 
 used on input line 264.
(pdftex.def)             Requested size: 234.8775pt x 176.1581pt.
<"figures/Confusion matrix/TCA/View2View1/V2V1TCA".png, id=274, 421.575pt x 315
.42844pt>
File: "figures/Confusion matrix/TCA/View2View1/V2V1TCA".png Graphic file (type 
png)
<use "figures/Confusion matrix/TCA/View2View1/V2V1TCA".png>
Package pdftex.def Info: "figures/Confusion matrix/TCA/View2View1/V2V1TCA".png 
 used on input line 270.
(pdftex.def)             Requested size: 234.8775pt x 175.73868pt.
<"figures/Confusion matrix/JDA/View2View1/V2V1JDA".png, id=275, 421.575pt x 316
.18124pt>
File: "figures/Confusion matrix/JDA/View2View1/V2V1JDA".png Graphic file (type 
png)
<use "figures/Confusion matrix/JDA/View2View1/V2V1JDA".png>
Package pdftex.def Info: "figures/Confusion matrix/JDA/View2View1/V2V1JDA".png 
 used on input line 276.
(pdftex.def)             Requested size: 234.8775pt x 176.1581pt.
<"figures/Confusion matrix/TJM/View2View1/V2V1TJM".png, id=276, 421.575pt x 316
.18124pt>
File: "figures/Confusion matrix/TJM/View2View1/V2V1TJM".png Graphic file (type 
png)
<use "figures/Confusion matrix/TJM/View2View1/V2V1TJM".png>
Package pdftex.def Info: "figures/Confusion matrix/TJM/View2View1/V2V1TJM".png 
 used on input line 282.
(pdftex.def)             Requested size: 234.8775pt x 176.1581pt.

Underfull \hbox (badness 10000) in paragraph at lines 262--286
[]$[]$$[]$
 []

[45 <./figures/Confusion matrix/BDA/View1View2/V1V2BDA.png (PNG copy)> <./figur
es/Confusion matrix/TCA/View1View2/V1V2TCA.png (PNG copy)> <./figures/Confusion
 matrix/JDA/View1View2/V1V2JDA.png (PNG copy)> <./figures/Confusion matrix/TJM/
View1View2/V1V2TJM.png (PNG copy)>] [46 <./figures/Confusion matrix/BDA/View2Vi
ew1/V2V1BDA.png (PNG copy)> <./figures/Confusion matrix/TCA/View2View1/V2V1TCA.
png (PNG copy)> <./figures/Confusion matrix/JDA/View2View1/V2V1JDA.png (PNG cop
y)> <./figures/Confusion matrix/TJM/View2View1/V2V1TJM.png (PNG copy)>]
<figures/plots/View1-View3.pdf, id=284, 578.16pt x 361.35pt>
File: figures/plots/View1-View3.pdf Graphic file (type pdf)
<use figures/plots/View1-View3.pdf>
Package pdftex.def Info: figures/plots/View1-View3.pdf  used on input line 323.

(pdftex.def)             Requested size: 361.3491pt x 234.88023pt.
<figures/plots/View3-View1.pdf, id=285, 578.16pt x 361.35pt>
File: figures/plots/View3-View1.pdf Graphic file (type pdf)
<use figures/plots/View3-View1.pdf>
Package pdftex.def Info: figures/plots/View3-View1.pdf  used on input line 360.

(pdftex.def)             Requested size: 361.3491pt x 252.94327pt.


LaTeX Warning: No positions in optional float specifier.
               Default added (so using `tbp') on input line 374.

<"figures/Confusion matrix/BDA/View1View3/V1V3BDA".png, id=286, 421.575pt x 316
.18124pt>
File: "figures/Confusion matrix/BDA/View1View3/V1V3BDA".png Graphic file (type 
png)
<use "figures/Confusion matrix/BDA/View1View3/V1V3BDA".png>
Package pdftex.def Info: "figures/Confusion matrix/BDA/View1View3/V1V3BDA".png 
 used on input line 377.
(pdftex.def)             Requested size: 234.8775pt x 176.1581pt.
<"figures/Confusion matrix/TCA/View1View3/V1V3TCA".png, id=287, 421.575pt x 316
.18124pt>
File: "figures/Confusion matrix/TCA/View1View3/V1V3TCA".png Graphic file (type 
png)
<use "figures/Confusion matrix/TCA/View1View3/V1V3TCA".png>
Package pdftex.def Info: "figures/Confusion matrix/TCA/View1View3/V1V3TCA".png 
 used on input line 383.
(pdftex.def)             Requested size: 234.8775pt x 176.1581pt.
<"figures/Confusion matrix/JDA/View1View3/V1V3JDA".png, id=288, 421.575pt x 316
.18124pt>
File: "figures/Confusion matrix/JDA/View1View3/V1V3JDA".png Graphic file (type 
png)
<use "figures/Confusion matrix/JDA/View1View3/V1V3JDA".png>
Package pdftex.def Info: "figures/Confusion matrix/JDA/View1View3/V1V3JDA".png 
 used on input line 389.
(pdftex.def)             Requested size: 234.8775pt x 176.1581pt.
<"figures/Confusion matrix/TJM/View1View3/V1V3TJM".png, id=289, 421.575pt x 316
.18124pt>
File: "figures/Confusion matrix/TJM/View1View3/V1V3TJM".png Graphic file (type 
png)
<use "figures/Confusion matrix/TJM/View1View3/V1V3TJM".png>
Package pdftex.def Info: "figures/Confusion matrix/TJM/View1View3/V1V3TJM".png 
 used on input line 395.
(pdftex.def)             Requested size: 234.8775pt x 176.1581pt.

Underfull \hbox (badness 10000) in paragraph at lines 375--399
[]$[]$$[]$
 []


LaTeX Warning: No positions in optional float specifier.
               Default added (so using `tbp') on input line 403.

<"figures/Confusion matrix/BDA/View3View1/V3V1BDA".png, id=290, 421.575pt x 316
.18124pt>
File: "figures/Confusion matrix/BDA/View3View1/V3V1BDA".png Graphic file (type 
png)
<use "figures/Confusion matrix/BDA/View3View1/V3V1BDA".png>
Package pdftex.def Info: "figures/Confusion matrix/BDA/View3View1/V3V1BDA".png 
 used on input line 406.
(pdftex.def)             Requested size: 234.8775pt x 176.1581pt.
<"figures/Confusion matrix/TCA/View3View1/V3V1TCA".png, id=291, 421.575pt x 316
.18124pt>
File: "figures/Confusion matrix/TCA/View3View1/V3V1TCA".png Graphic file (type 
png)
<use "figures/Confusion matrix/TCA/View3View1/V3V1TCA".png>
Package pdftex.def Info: "figures/Confusion matrix/TCA/View3View1/V3V1TCA".png 
 used on input line 412.
(pdftex.def)             Requested size: 234.8775pt x 176.1581pt.
<"figures/Confusion matrix/JDA/View3View1/V3V1JDA".png, id=292, 421.575pt x 316
.18124pt>
File: "figures/Confusion matrix/JDA/View3View1/V3V1JDA".png Graphic file (type 
png)
<use "figures/Confusion matrix/JDA/View3View1/V3V1JDA".png>
Package pdftex.def Info: "figures/Confusion matrix/JDA/View3View1/V3V1JDA".png 
 used on input line 418.
(pdftex.def)             Requested size: 234.8775pt x 176.1581pt.
<"figures/Confusion matrix/TJM/View3View1/V3V1TJM".png, id=293, 421.575pt x 316
.18124pt>
File: "figures/Confusion matrix/TJM/View3View1/V3V1TJM".png Graphic file (type 
png)
<use "figures/Confusion matrix/TJM/View3View1/V3V1TJM".png>
Package pdftex.def Info: "figures/Confusion matrix/TJM/View3View1/V3V1TJM".png 
 used on input line 424.
(pdftex.def)             Requested size: 234.8775pt x 176.1581pt.

Underfull \hbox (badness 10000) in paragraph at lines 404--428
[]$[]$$[]$
 []

[47]

LaTeX Warning: Text page 48 contains only floats.

[48 <./figures/plots/View1-View3.pdf>]
<figures/plots/View2-View3.pdf, id=302, 578.16pt x 361.35pt>
File: figures/plots/View2-View3.pdf Graphic file (type pdf)
<use figures/plots/View2-View3.pdf>
Package pdftex.def Info: figures/plots/View2-View3.pdf  used on input line 440.

(pdftex.def)             Requested size: 361.3491pt x 234.88023pt.
 [49 <./figures/plots/View3-View1.pdf>]
[50 <./figures/Confusion matrix/BDA/View1View3/V1V3BDA.png (PNG copy)> <./figur
es/Confusion matrix/TCA/View1View3/V1V3TCA.png (PNG copy)> <./figures/Confusion
 matrix/JDA/View1View3/V1V3JDA.png (PNG copy)> <./figures/Confusion matrix/TJM/
View1View3/V1V3TJM.png (PNG copy)>] [51 <./figures/Confusion matrix/BDA/View3Vi
ew1/V3V1BDA.png (PNG copy)> <./figures/Confusion matrix/TCA/View3View1/V3V1TCA.
png (PNG copy)> <./figures/Confusion matrix/JDA/View3View1/V3V1JDA.png (PNG cop
y)> <./figures/Confusion matrix/TJM/View3View1/V3V1TJM.png (PNG copy)>]

LaTeX Warning: No positions in optional float specifier.
               Default added (so using `tbp') on input line 446.


LaTeX Warning: No positions in optional float specifier.
               Default added (so using `tbp') on input line 474.

<figures/plots/View3-View2.pdf, id=315, 578.16pt x 361.35pt>
File: figures/plots/View3-View2.pdf Graphic file (type pdf)
<use figures/plots/View3-View2.pdf>
Package pdftex.def Info: figures/plots/View3-View2.pdf  used on input line 476.

(pdftex.def)             Requested size: 361.3491pt x 234.88023pt.
<"figures/Confusion matrix/BDA/View2View3/V2V3BDA".png, id=316, 421.575pt x 316
.18124pt>
File: "figures/Confusion matrix/BDA/View2View3/V2V3BDA".png Graphic file (type 
png)
<use "figures/Confusion matrix/BDA/View2View3/V2V3BDA".png>
Package pdftex.def Info: "figures/Confusion matrix/BDA/View2View3/V2V3BDA".png 
 used on input line 515.
(pdftex.def)             Requested size: 234.8775pt x 176.1581pt.
<"figures/Confusion matrix/TCA/View2View3/V2V3TCA".png, id=317, 421.575pt x 316
.18124pt>
File: "figures/Confusion matrix/TCA/View2View3/V2V3TCA".png Graphic file (type 
png)
<use "figures/Confusion matrix/TCA/View2View3/V2V3TCA".png>
Package pdftex.def Info: "figures/Confusion matrix/TCA/View2View3/V2V3TCA".png 
 used on input line 521.
(pdftex.def)             Requested size: 234.8775pt x 176.1581pt.
<"figures/Confusion matrix/JDA/View2View3/V2V3JDA".png, id=318, 421.575pt x 316
.18124pt>
File: "figures/Confusion matrix/JDA/View2View3/V2V3JDA".png Graphic file (type 
png)
<use "figures/Confusion matrix/JDA/View2View3/V2V3JDA".png>
Package pdftex.def Info: "figures/Confusion matrix/JDA/View2View3/V2V3JDA".png 
 used on input line 527.
(pdftex.def)             Requested size: 234.8775pt x 176.1581pt.
<"figures/Confusion matrix/TJM/View2View3/V2V3TJM".png, id=319, 421.575pt x 316
.18124pt>
File: "figures/Confusion matrix/TJM/View2View3/V2V3TJM".png Graphic file (type 
png)
<use "figures/Confusion matrix/TJM/View2View3/V2V3TJM".png>
Package pdftex.def Info: "figures/Confusion matrix/TJM/View2View3/V2V3TJM".png 
 used on input line 533.
(pdftex.def)             Requested size: 234.8775pt x 176.1581pt.

Underfull \hbox (badness 10000) in paragraph at lines 513--537
[]$[]$$[]$
 []

<"figures/Confusion matrix/BDA/View3View2/V3V2BDA".png, id=320, 421.575pt x 316
.18124pt>
File: "figures/Confusion matrix/BDA/View3View2/V3V2BDA".png Graphic file (type 
png)
<use "figures/Confusion matrix/BDA/View3View2/V3V2BDA".png>
Package pdftex.def Info: "figures/Confusion matrix/BDA/View3View2/V3V2BDA".png 
 used on input line 546.
(pdftex.def)             Requested size: 234.8775pt x 176.1581pt.
<"figures/Confusion matrix/TCA/View3View2/V3V2TCA".png, id=321, 421.575pt x 316
.18124pt>
File: "figures/Confusion matrix/TCA/View3View2/V3V2TCA".png Graphic file (type 
png)
<use "figures/Confusion matrix/TCA/View3View2/V3V2TCA".png>
Package pdftex.def Info: "figures/Confusion matrix/TCA/View3View2/V3V2TCA".png 
 used on input line 552.
(pdftex.def)             Requested size: 234.8775pt x 176.1581pt.
<"figures/Confusion matrix/JDA/View3View2/V3V2JDA".png, id=322, 421.575pt x 316
.18124pt>
File: "figures/Confusion matrix/JDA/View3View2/V3V2JDA".png Graphic file (type 
png)
<use "figures/Confusion matrix/JDA/View3View2/V3V2JDA".png>
Package pdftex.def Info: "figures/Confusion matrix/JDA/View3View2/V3V2JDA".png 
 used on input line 558.
(pdftex.def)             Requested size: 234.8775pt x 176.1581pt.
<"figures/Confusion matrix/TJM/View3View2/V3V2TJM".png, id=323, 421.575pt x 316
.18124pt>
File: "figures/Confusion matrix/TJM/View3View2/V3V2TJM".png Graphic file (type 
png)
<use "figures/Confusion matrix/TJM/View3View2/V3V2TJM".png>
Package pdftex.def Info: "figures/Confusion matrix/TJM/View3View2/V3V2TJM".png 
 used on input line 564.
(pdftex.def)             Requested size: 234.8775pt x 176.1581pt.

Underfull \hbox (badness 10000) in paragraph at lines 544--568
[]$[]$$[]$
 []

[52 <./figures/plots/View2-View3.pdf>] [53 <./figures/plots/View3-View2.pdf>]
[54] [55 <./figures/Confusion matrix/BDA/View2View3/V2V3BDA.png (PNG copy)> <./
figures/Confusion matrix/TCA/View2View3/V2V3TCA.png (PNG copy)> <./figures/Conf
usion matrix/JDA/View2View3/V2V3JDA.png (PNG copy)> <./figures/Confusion matrix
/TJM/View2View3/V2V3TJM.png (PNG copy)>] [56 <./figures/Confusion matrix/BDA/Vi
ew3View2/V3V2BDA.png (PNG copy)> <./figures/Confusion matrix/TCA/View3View2/V3V
2TCA.png (PNG copy)> <./figures/Confusion matrix/JDA/View3View2/V3V2JDA.png (PN
G copy)> <./figures/Confusion matrix/TJM/View3View2/V3V2TJM.png (PNG copy)>])
(ch6.tex [57]) (thesis_latex_template_minimal.bbl [58

]
Underfull \hbox (badness 2035) in paragraph at lines 59--64
[]\T1/ptm/m/n/12 Georgios Th Pa-padopou-los, Apos-to-los Axenopou-los, and Pet-
ros Daras.  Real-time
 []

[59

]
LaTeX Font Info:    Font shape `OMS/ptm/m/it' in size <12> not available
(Font)              Font shape `OMS/cmsy/m/n' tried instead on input line 116.
 [60] [61] [62] [63] [64]) [65] (thesis_latex_template_minimal.aux)

LaTeX Warning: There were multiply-defined labels.

 )
(\end occurred inside a group at level 1)

### semi simple group (level 1) entered at line 335 (\begingroup)
### bottom level 
Here is how much of TeX's memory you used:
 20427 strings out of 492973
 384206 string characters out of 3135910
 443806 words of memory out of 3000000
 23948 multiletter control sequences out of 15000+200000
 584236 words of font info for 105 fonts, out of 3000000 for 9000
 1141 hyphenation exceptions out of 8191
 43i,16n,63p,1760b,916s stack positions out of 5000i,500n,10000p,200000b,50000s
{C:/Program Files/MiKTeX 2.9/fonts/enc/dvips/base/8r.enc}<C:/Pr
ogram Files/MiKTeX 2.9/fonts/type1/public/amsfonts/cm/cmex10.pfb><C:/Program Fi
les/MiKTeX 2.9/fonts/type1/public/amsfonts/cmextra/cmex8.pfb><C:/Program Files/
MiKTeX 2.9/fonts/type1/public/amsfonts/cm/cmmi10.pfb><C:/Program Files/MiKTeX 2
.9/fonts/type1/public/amsfonts/cm/cmmi12.pfb><C:/Program Files/MiKTeX 2.9/fonts
/type1/public/amsfonts/cm/cmmi5.pfb><C:/Program Files/MiKTeX 2.9/fonts/type1/pu
blic/amsfonts/cm/cmmi6.pfb><C:/Program Files/MiKTeX 2.9/fonts/type1/public/amsf
onts/cm/cmmi7.pfb><C:/Program Files/MiKTeX 2.9/fonts/type1/public/amsfonts/cm/c
mmi8.pfb><C:/Program Files/MiKTeX 2.9/fonts/type1/public/amsfonts/cm/cmmib10.pf
b><C:/Program Files/MiKTeX 2.9/fonts/type1/public/amsfonts/cm/cmr10.pfb><C:/Pro
gram Files/MiKTeX 2.9/fonts/type1/public/amsfonts/cm/cmr12.pfb><C:/Program File
s/MiKTeX 2.9/fonts/type1/public/amsfonts/cm/cmr5.pfb><C:/Program Files/MiKTeX 2
.9/fonts/type1/public/amsfonts/cm/cmr6.pfb><C:/Program Files/MiKTeX 2.9/fonts/t
ype1/public/amsfonts/cm/cmr7.pfb><C:/Program Files/MiKTeX 2.9/fonts/type1/publi
c/amsfonts/cm/cmr8.pfb><C:/Program Files/MiKTeX 2.9/fonts/type1/public/amsfonts
/cm/cmsy10.pfb><C:/Program Files/MiKTeX 2.9/fonts/type1/public/amsfonts/cm/cmsy
7.pfb><C:/Program Files/MiKTeX 2.9/fonts/type1/public/amsfonts/cm/cmsy8.pfb><C:
/Program Files/MiKTeX 2.9/fonts/type1/public/amsfonts/symbols/msam10.pfb><C:/Pr
ogram Files/MiKTeX 2.9/fonts/type1/public/amsfonts/symbols/msbm10.pfb><C:/Progr
am Files/MiKTeX 2.9/fonts/type1/urw/times/utmb8a.pfb><C:/Program Files/MiKTeX 2
.9/fonts/type1/urw/times/utmr8a.pfb><C:/Program Files/MiKTeX 2.9/fonts/type1/ur
w/times/utmri8a.pfb>
Output written on thesis_latex_template_minimal.pdf (75 pages, 5017733 bytes).
PDF statistics:
 447 PDF objects out of 1000 (max. 8388607)
 0 named destinations out of 1000 (max. 500000)
 191 words of extra memory for PDF output out of 10000 (max. 10000000)

